<?xml version="1.0" encoding="UTF-8"?>
<!-- Generated by org.testng.reporters.JUnitReportReporter -->
<testsuite hostname="Sonalis_AsusVB" failures="0" tests="5" name="TestRunner.RunnerTest" time="16.474" errors="0" timestamp="16 Jan 2024 20:05:17 GMT" skipped="0">
  <testcase classname="TestRunner.RunnerTest" name="runScenario" time="11.063"/>
  <testcase classname="TestRunner.RunnerTest" name="runScenario" time="0.994"/>
  <testcase classname="TestRunner.RunnerTest" name="runScenario" time="1.705"/>
  <testcase classname="TestRunner.RunnerTest" name="runScenario" time="0.890"/>
  <testcase classname="TestRunner.RunnerTest" name="runScenario" time="1.822"/>
</testsuite> <!-- TestRunner.RunnerTest -->
