<?xml version="1.0" encoding="UTF-8"?>
<!-- Generated by org.testng.reporters.JUnitReportReporter -->
<testsuite hostname="Sonalis_AsusVB" failures="0" tests="6" name="TestRunner.RunnerTest" time="19.884" errors="0" timestamp="16 Jan 2024 20:22:47 GMT" skipped="0">
  <testcase classname="TestRunner.RunnerTest" name="runScenario" time="3.720"/>
  <testcase classname="TestRunner.RunnerTest" name="runScenario" time="0.773"/>
  <testcase classname="TestRunner.RunnerTest" name="runScenario" time="0.243"/>
  <testcase classname="TestRunner.RunnerTest" name="runScenario" time="6.464"/>
  <testcase classname="TestRunner.RunnerTest" name="runScenario" time="0.066"/>
  <testcase classname="TestRunner.RunnerTest" name="runScenario" time="8.618"/>
</testsuite> <!-- TestRunner.RunnerTest -->
