<?xml version="1.0" encoding="UTF-8"?>
<!-- Generated by org.testng.reporters.JUnitReportReporter -->
<testsuite hostname="Sonalis_AsusVB" failures="0" tests="2" name="TestRunner.RunnerTest" time="8.305" errors="0" timestamp="16 Jan 2024 19:13:53 GMT" skipped="0">
  <testcase classname="TestRunner.RunnerTest" name="runScenario" time="7.339"/>
  <testcase classname="TestRunner.RunnerTest" name="runScenario" time="0.966"/>
</testsuite> <!-- TestRunner.RunnerTest -->
